#
# There is insufficient memory for the Java Runtime Environment to continue.
# Native memory allocation (malloc) failed to allocate 288016 bytes for Chunk::new
# Possible reasons:
#   The system is out of physical RAM or swap space
#   The process is running with CompressedOops enabled, and the Java Heap may be blocking the growth of the native heap
# Possible solutions:
#   Reduce memory load on the system
#   Increase physical memory or swap space
#   Check if swap backing store is full
#   Decrease Java heap size (-Xmx/-Xms)
#   Decrease number of Java threads
#   Decrease Java thread stack sizes (-Xss)
#   Set larger code cache with -XX:ReservedCodeCacheSize=
#   JVM is running with Unscaled Compressed Oops mode in which the Java heap is
#     placed in the first 4GB address space. The Java Heap base address is the
#     maximum limit for the native heap growth. Please use -XX:HeapBaseMinAddress
#     to set the Java Heap base and to place the Java Heap above 4GB virtual address.
# This output file may be truncated or incomplete.
#
#  Out of Memory Error (./src/hotspot/share/memory/arena.cpp:197), pid=4212, tid=14620
#
# JRE version: OpenJDK Runtime Environment (11.0.12+7) (build 11.0.12+7-b1504.28-7817840)
# Java VM: OpenJDK 64-Bit Server VM (11.0.12+7-b1504.28-7817840, mixed mode, tiered, compressed oops, g1 gc, windows-amd64)
# No core dump will be written. Minidumps are not enabled by default on client versions of Windows
#

---------------  S U M M A R Y ------------

Command Line: org.jetbrains.kotlin.cli.jvm.K2JVMCompiler @D:\David4\RVRepeat\app\build\20220205_9675005157320992194.compiler.options

Host: AMD Ryzen 5 3550H with Radeon Vega Mobile Gfx  , 8 cores, 6G,  Windows 10 , 64 bit Build 19041 (10.0.19041.1466)
Time: Sat Feb  5 18:28:55 2022 RTZ 2 (зима) elapsed time: 6.415232 seconds (0d 0h 0m 6s)

---------------  T H R E A D  ---------------

Current thread (0x000001691ff46000):  JavaThread "C2 CompilerThread0" daemon [_thread_in_native, id=14620, stack(0x0000003e51c00000,0x0000003e51d00000)]


Current CompileTask:
C2:   6415 5149       4       jdk.internal.loader.BuiltinClassLoader::defineClass (121 bytes)

Stack: [0x0000003e51c00000,0x0000003e51d00000]
Native frames: (J=compiled Java code, j=interpreted, Vv=VM code, C=native code)
V  [jvm.dll+0x5fbcea]
V  [jvm.dll+0x731905]
V  [jvm.dll+0x732f1d]
V  [jvm.dll+0x7335d3]
V  [jvm.dll+0x247bf8]
V  [jvm.dll+0xc018c]
V  [jvm.dll+0xc06cc]
V  [jvm.dll+0x4f52fe]
V  [jvm.dll+0x328832]
V  [jvm.dll+0x327cfa]
V  [jvm.dll+0x200602]
V  [jvm.dll+0x1ff794]
V  [jvm.dll+0x18868c]
V  [jvm.dll+0x20e0d7]
V  [jvm.dll+0x20c901]
V  [jvm.dll+0x6f9b7f]
V  [jvm.dll+0x6f26a5]
V  [jvm.dll+0x5fabf6]
C  [ucrtbase.dll+0x21bb2]
C  [KERNEL32.DLL+0x17034]
C  [ntdll.dll+0x52651]


---------------  P R O C E S S  ---------------

Threads class SMR info:
_java_thread_list=0x000001692272d590, length=10, elements={
0x0000016905d68800, 0x000001691fef7800, 0x000001691ff21800, 0x000001691ff34800,
0x000001691ff35800, 0x000001691ff37000, 0x000001691ff46000, 0x000001691ff4c800,
0x000001691ff5a000, 0x0000016920a3b000
}

Java Threads: ( => current thread )
  0x0000016905d68800 JavaThread "main" [_thread_in_Java, id=9092, stack(0x0000003e51000000,0x0000003e51100000)]
  0x000001691fef7800 JavaThread "Reference Handler" daemon [_thread_blocked, id=8412, stack(0x0000003e51700000,0x0000003e51800000)]
  0x000001691ff21800 JavaThread "Finalizer" daemon [_thread_blocked, id=12880, stack(0x0000003e51800000,0x0000003e51900000)]
  0x000001691ff34800 JavaThread "Signal Dispatcher" daemon [_thread_blocked, id=912, stack(0x0000003e51900000,0x0000003e51a00000)]
  0x000001691ff35800 JavaThread "Attach Listener" daemon [_thread_blocked, id=9460, stack(0x0000003e51a00000,0x0000003e51b00000)]
  0x000001691ff37000 JavaThread "Service Thread" daemon [_thread_blocked, id=13896, stack(0x0000003e51b00000,0x0000003e51c00000)]
=>0x000001691ff46000 JavaThread "C2 CompilerThread0" daemon [_thread_in_native, id=14620, stack(0x0000003e51c00000,0x0000003e51d00000)]
  0x000001691ff4c800 JavaThread "C1 CompilerThread0" daemon [_thread_in_native, id=12096, stack(0x0000003e51d00000,0x0000003e51e00000)]
  0x000001691ff5a000 JavaThread "Sweeper thread" daemon [_thread_blocked, id=16004, stack(0x0000003e51e00000,0x0000003e51f00000)]
  0x0000016920a3b000 JavaThread "Common-Cleaner" daemon [_thread_blocked, id=7028, stack(0x0000003e52000000,0x0000003e52100000)]

Other Threads:
  0x000001691fef5000 VMThread "VM Thread" [stack: 0x0000003e51600000,0x0000003e51700000] [id=7092]
  0x0000016920a28000 WatcherThread [stack: 0x0000003e51f00000,0x0000003e52000000] [id=12552]
  0x0000016905d7f800 GCTaskThread "GC Thread#0" [stack: 0x0000003e51100000,0x0000003e51200000] [id=11364]
  0x0000016921021000 GCTaskThread "GC Thread#1" [stack: 0x0000003e52200000,0x0000003e52300000] [id=13400]
  0x000001692572e800 GCTaskThread "GC Thread#2" [stack: 0x0000003e52300000,0x0000003e52400000] [id=13088]
  0x0000016905daa800 ConcurrentGCThread "G1 Main Marker" [stack: 0x0000003e51200000,0x0000003e51300000] [id=9708]
  0x0000016905dad000 ConcurrentGCThread "G1 Conc#0" [stack: 0x0000003e51300000,0x0000003e51400000] [id=7184]
  0x0000016921395800 ConcurrentGCThread "G1 Conc#1" [stack: 0x0000003e52100000,0x0000003e52200000] [id=16052]
  0x0000016905e3e000 ConcurrentGCThread "G1 Refine#0" [stack: 0x0000003e51400000,0x0000003e51500000] [id=8536]
  0x0000016923c01800 ConcurrentGCThread "G1 Refine#1" [stack: 0x0000003e52400000,0x0000003e52500000] [id=3080]
  0x000001692574a800 ConcurrentGCThread "G1 Refine#2" [stack: 0x0000003e52500000,0x0000003e52600000] [id=8704]
  0x00000169259f6000 ConcurrentGCThread "G1 Refine#3" [stack: 0x0000003e52600000,0x0000003e52700000] [id=14708]
  0x0000016905e40000 ConcurrentGCThread "G1 Young RemSet Sampling" [stack: 0x0000003e51500000,0x0000003e51600000] [id=6744]

Threads with active compile tasks:
C2 CompilerThread0   6436 5149       4       jdk.internal.loader.BuiltinClassLoader::defineClass (121 bytes)

VM state:not at safepoint (normal execution)

VM Mutex/Monitor currently owned by a thread: None

Heap address: 0x0000000091000000, size: 1776 MB, Compressed Oops mode: 32-bit
Narrow klass base: 0x0000000000000000, Narrow klass shift: 3
Compressed class space size: 1073741824 Address: 0x0000000100000000

Heap:
 garbage-first heap   total 139264K, used 60125K [0x0000000091000000, 0x0000000100000000)
  region size 1024K, 31 young (31744K), 8 survivors (8192K)
 Metaspace       used 55124K, capacity 55851K, committed 56064K, reserved 1099776K
  class space    used 6353K, capacity 6629K, committed 6656K, reserved 1048576K
Heap Regions: E=young(eden), S=young(survivor), O=old, HS=humongous(starts), HC=humongous(continues), CS=collection set, F=free, A=archive, TAMS=top-at-mark-start (previous, next)
|   0|0x0000000091000000, 0x0000000091100000, 0x0000000091100000|100%|HS|  |TAMS 0x0000000091100000, 0x0000000091000000| Complete 
|   1|0x0000000091100000, 0x0000000091200000, 0x0000000091200000|100%|HC|  |TAMS 0x0000000091200000, 0x0000000091100000| Complete 
|   2|0x0000000091200000, 0x0000000091300000, 0x0000000091300000|100%|HC|  |TAMS 0x0000000091300000, 0x0000000091200000| Complete 
|   3|0x0000000091300000, 0x0000000091400000, 0x0000000091400000|100%|HS|  |TAMS 0x0000000091400000, 0x0000000091300000| Complete 
|   4|0x0000000091400000, 0x0000000091500000, 0x0000000091500000|100%|HC|  |TAMS 0x0000000091500000, 0x0000000091400000| Complete 
|   5|0x0000000091500000, 0x0000000091600000, 0x0000000091600000|100%|HC|  |TAMS 0x0000000091600000, 0x0000000091500000| Complete 
|   6|0x0000000091600000, 0x0000000091700000, 0x0000000091700000|100%|HS|  |TAMS 0x0000000091700000, 0x0000000091600000| Complete 
|   7|0x0000000091700000, 0x0000000091800000, 0x0000000091800000|100%|HC|  |TAMS 0x0000000091800000, 0x0000000091700000| Complete 
|   8|0x0000000091800000, 0x0000000091900000, 0x0000000091900000|100%| O|  |TAMS 0x0000000091900000, 0x0000000091800000| Untracked 
|   9|0x0000000091900000, 0x0000000091a00000, 0x0000000091a00000|100%| O|  |TAMS 0x0000000091a00000, 0x0000000091900000| Untracked 
|  10|0x0000000091a00000, 0x0000000091b00000, 0x0000000091b00000|100%| O|  |TAMS 0x0000000091b00000, 0x0000000091a00000| Untracked 
|  11|0x0000000091b00000, 0x0000000091c00000, 0x0000000091c00000|100%| O|  |TAMS 0x0000000091c00000, 0x0000000091b00000| Untracked 
|  12|0x0000000091c00000, 0x0000000091d00000, 0x0000000091d00000|100%| O|  |TAMS 0x0000000091d00000, 0x0000000091c00000| Untracked 
|  13|0x0000000091d00000, 0x0000000091e00000, 0x0000000091e00000|100%| O|  |TAMS 0x0000000091e00000, 0x0000000091d00000| Untracked 
|  14|0x0000000091e00000, 0x0000000091f00000, 0x0000000091f00000|100%| O|  |TAMS 0x0000000091f00000, 0x0000000091e00000| Untracked 
|  15|0x0000000091f00000, 0x0000000092000000, 0x0000000092000000|100%| O|  |TAMS 0x0000000092000000, 0x0000000091f00000| Untracked 
|  16|0x0000000092000000, 0x0000000092100000, 0x0000000092100000|100%| O|  |TAMS 0x0000000092100000, 0x0000000092000000| Untracked 
|  17|0x0000000092100000, 0x0000000092200000, 0x0000000092200000|100%| O|  |TAMS 0x0000000092200000, 0x0000000092100000| Untracked 
|  18|0x0000000092200000, 0x0000000092300000, 0x0000000092300000|100%| O|  |TAMS 0x0000000092300000, 0x0000000092200000| Untracked 
|  19|0x0000000092300000, 0x0000000092400000, 0x0000000092400000|100%| O|  |TAMS 0x0000000092376600, 0x0000000092300000| Untracked 
|  20|0x0000000092400000, 0x0000000092500000, 0x0000000092500000|100%| O|  |TAMS 0x0000000092400000, 0x0000000092400000| Untracked 
|  21|0x0000000092500000, 0x0000000092600000, 0x0000000092600000|100%| O|  |TAMS 0x0000000092500000, 0x0000000092500000| Untracked 
|  22|0x0000000092600000, 0x0000000092700000, 0x0000000092700000|100%| O|  |TAMS 0x0000000092600000, 0x0000000092600000| Untracked 
|  23|0x0000000092700000, 0x0000000092800000, 0x0000000092800000|100%| O|  |TAMS 0x0000000092700000, 0x0000000092700000| Untracked 
|  24|0x0000000092800000, 0x0000000092900000, 0x0000000092900000|100%| O|  |TAMS 0x0000000092800000, 0x0000000092800000| Untracked 
|  25|0x0000000092900000, 0x0000000092a00000, 0x0000000092a00000|100%| O|  |TAMS 0x0000000092900000, 0x0000000092900000| Untracked 
|  26|0x0000000092a00000, 0x0000000092b00000, 0x0000000092b00000|100%| O|  |TAMS 0x0000000092a00000, 0x0000000092a00000| Untracked 
|  27|0x0000000092b00000, 0x0000000092c00000, 0x0000000092c00000|100%| O|  |TAMS 0x0000000092b00000, 0x0000000092b00000| Untracked 
|  28|0x0000000092c00000, 0x0000000092cb7600, 0x0000000092d00000| 71%| O|  |TAMS 0x0000000092c00000, 0x0000000092c00000| Untracked 
|  29|0x0000000092d00000, 0x0000000092d00000, 0x0000000092e00000|  0%| F|  |TAMS 0x0000000092d00000, 0x0000000092d00000| Untracked 
|  30|0x0000000092e00000, 0x0000000092e00000, 0x0000000092f00000|  0%| F|  |TAMS 0x0000000092e00000, 0x0000000092e00000| Untracked 
|  31|0x0000000092f00000, 0x0000000092f00000, 0x0000000093000000|  0%| F|  |TAMS 0x0000000092f00000, 0x0000000092f00000| Untracked 
|  32|0x0000000093000000, 0x0000000093000000, 0x0000000093100000|  0%| F|  |TAMS 0x0000000093000000, 0x0000000093000000| Untracked 
|  33|0x0000000093100000, 0x0000000093100000, 0x0000000093200000|  0%| F|  |TAMS 0x0000000093100000, 0x0000000093100000| Untracked 
|  34|0x0000000093200000, 0x0000000093200000, 0x0000000093300000|  0%| F|  |TAMS 0x0000000093200000, 0x0000000093200000| Untracked 
|  35|0x0000000093300000, 0x0000000093300000, 0x0000000093400000|  0%| F|  |TAMS 0x0000000093300000, 0x0000000093300000| Untracked 
|  36|0x0000000093400000, 0x0000000093400000, 0x0000000093500000|  0%| F|  |TAMS 0x0000000093400000, 0x0000000093400000| Untracked 
|  37|0x0000000093500000, 0x0000000093500000, 0x0000000093600000|  0%| F|  |TAMS 0x0000000093500000, 0x0000000093500000| Untracked 
|  38|0x0000000093600000, 0x0000000093600000, 0x0000000093700000|  0%| F|  |TAMS 0x0000000093600000, 0x0000000093600000| Untracked 
|  39|0x0000000093700000, 0x0000000093700000, 0x0000000093800000|  0%| F|  |TAMS 0x0000000093700000, 0x0000000093700000| Untracked 
|  40|0x0000000093800000, 0x0000000093800000, 0x0000000093900000|  0%| F|  |TAMS 0x0000000093800000, 0x0000000093800000| Untracked 
|  41|0x0000000093900000, 0x0000000093900000, 0x0000000093a00000|  0%| F|  |TAMS 0x0000000093900000, 0x0000000093900000| Untracked 
|  42|0x0000000093a00000, 0x0000000093a00000, 0x0000000093b00000|  0%| F|  |TAMS 0x0000000093a00000, 0x0000000093a00000| Untracked 
|  43|0x0000000093b00000, 0x0000000093b00000, 0x0000000093c00000|  0%| F|  |TAMS 0x0000000093b00000, 0x0000000093b00000| Untracked 
|  44|0x0000000093c00000, 0x0000000093c00000, 0x0000000093d00000|  0%| F|  |TAMS 0x0000000093c00000, 0x0000000093c00000| Untracked 
|  45|0x0000000093d00000, 0x0000000093d00000, 0x0000000093e00000|  0%| F|  |TAMS 0x0000000093d00000, 0x0000000093d00000| Untracked 
|  46|0x0000000093e00000, 0x0000000093e00000, 0x0000000093f00000|  0%| F|  |TAMS 0x0000000093e00000, 0x0000000093e00000| Untracked 
|  47|0x0000000093f00000, 0x0000000093f00000, 0x0000000094000000|  0%| F|  |TAMS 0x0000000093f00000, 0x0000000093f00000| Untracked 
|  48|0x0000000094000000, 0x0000000094000000, 0x0000000094100000|  0%| F|  |TAMS 0x0000000094000000, 0x0000000094000000| Untracked 
|  49|0x0000000094100000, 0x0000000094100000, 0x0000000094200000|  0%| F|  |TAMS 0x0000000094100000, 0x0000000094100000| Untracked 
|  50|0x0000000094200000, 0x0000000094200000, 0x0000000094300000|  0%| F|  |TAMS 0x0000000094200000, 0x0000000094200000| Untracked 
|  51|0x0000000094300000, 0x0000000094300000, 0x0000000094400000|  0%| F|  |TAMS 0x0000000094300000, 0x0000000094300000| Untracked 
|  52|0x0000000094400000, 0x0000000094400000, 0x0000000094500000|  0%| F|  |TAMS 0x0000000094400000, 0x0000000094400000| Untracked 
|  53|0x0000000094500000, 0x0000000094500000, 0x0000000094600000|  0%| F|  |TAMS 0x0000000094500000, 0x0000000094500000| Untracked 
|  54|0x0000000094600000, 0x0000000094600000, 0x0000000094700000|  0%| F|  |TAMS 0x0000000094600000, 0x0000000094600000| Untracked 
|  55|0x0000000094700000, 0x0000000094700000, 0x0000000094800000|  0%| F|  |TAMS 0x0000000094700000, 0x0000000094700000| Untracked 
|  56|0x0000000094800000, 0x0000000094800000, 0x0000000094900000|  0%| F|  |TAMS 0x0000000094800000, 0x0000000094800000| Untracked 
|  57|0x0000000094900000, 0x0000000094900000, 0x0000000094a00000|  0%| F|  |TAMS 0x0000000094900000, 0x0000000094900000| Untracked 
|  58|0x0000000094a00000, 0x0000000094a00000, 0x0000000094b00000|  0%| F|  |TAMS 0x0000000094a00000, 0x0000000094a00000| Untracked 
|  59|0x0000000094b00000, 0x0000000094b00000, 0x0000000094c00000|  0%| F|  |TAMS 0x0000000094b00000, 0x0000000094b00000| Untracked 
|  60|0x0000000094c00000, 0x0000000094c00000, 0x0000000094d00000|  0%| F|  |TAMS 0x0000000094c00000, 0x0000000094c00000| Untracked 
|  61|0x0000000094d00000, 0x0000000094d00000, 0x0000000094e00000|  0%| F|  |TAMS 0x0000000094d00000, 0x0000000094d00000| Untracked 
|  62|0x0000000094e00000, 0x0000000094e00000, 0x0000000094f00000|  0%| F|  |TAMS 0x0000000094e00000, 0x0000000094e00000| Untracked 
|  63|0x0000000094f00000, 0x0000000094f00000, 0x0000000095000000|  0%| F|  |TAMS 0x0000000094f00000, 0x0000000094f00000| Untracked 
|  64|0x0000000095000000, 0x0000000095000000, 0x0000000095100000|  0%| F|  |TAMS 0x0000000095000000, 0x0000000095000000| Untracked 
|  65|0x0000000095100000, 0x0000000095100000, 0x0000000095200000|  0%| F|  |TAMS 0x0000000095100000, 0x0000000095100000| Untracked 
|  66|0x0000000095200000, 0x0000000095200000, 0x0000000095300000|  0%| F|  |TAMS 0x0000000095200000, 0x0000000095200000| Untracked 
|  67|0x0000000095300000, 0x0000000095400000, 0x0000000095400000|100%| S|CS|TAMS 0x0000000095300000, 0x0000000095300000| Complete 
|  68|0x0000000095400000, 0x0000000095500000, 0x0000000095500000|100%| S|CS|TAMS 0x0000000095400000, 0x0000000095400000| Complete 
|  69|0x0000000095500000, 0x0000000095600000, 0x0000000095600000|100%| S|CS|TAMS 0x0000000095500000, 0x0000000095500000| Complete 
|  70|0x0000000095600000, 0x0000000095700000, 0x0000000095700000|100%| S|CS|TAMS 0x0000000095600000, 0x0000000095600000| Complete 
|  71|0x0000000095700000, 0x0000000095800000, 0x0000000095800000|100%| S|CS|TAMS 0x0000000095700000, 0x0000000095700000| Complete 
|  72|0x0000000095800000, 0x0000000095900000, 0x0000000095900000|100%| S|CS|TAMS 0x0000000095800000, 0x0000000095800000| Complete 
|  73|0x0000000095900000, 0x0000000095a00000, 0x0000000095a00000|100%| S|CS|TAMS 0x0000000095900000, 0x0000000095900000| Complete 
|  74|0x0000000095a00000, 0x0000000095b00000, 0x0000000095b00000|100%| S|CS|TAMS 0x0000000095a00000, 0x0000000095a00000| Complete 
|  75|0x0000000095b00000, 0x0000000095b00000, 0x0000000095c00000|  0%| F|  |TAMS 0x0000000095b00000, 0x0000000095b00000| Untracked 
|  76|0x0000000095c00000, 0x0000000095c00000, 0x0000000095d00000|  0%| F|  |TAMS 0x0000000095c00000, 0x0000000095c00000| Untracked 
|  77|0x0000000095d00000, 0x0000000095d00000, 0x0000000095e00000|  0%| F|  |TAMS 0x0000000095d00000, 0x0000000095d00000| Untracked 
|  78|0x0000000095e00000, 0x0000000095e00000, 0x0000000095f00000|  0%| F|  |TAMS 0x0000000095e00000, 0x0000000095e00000| Untracked 
|  79|0x0000000095f00000, 0x0000000095f00000, 0x0000000096000000|  0%| F|  |TAMS 0x0000000095f00000, 0x0000000095f00000| Untracked 
|  80|0x0000000096000000, 0x0000000096000000, 0x0000000096100000|  0%| F|  |TAMS 0x0000000096000000, 0x0000000096000000| Untracked 
|  81|0x0000000096100000, 0x0000000096100000, 0x0000000096200000|  0%| F|  |TAMS 0x0000000096100000, 0x0000000096100000| Untracked 
|  82|0x0000000096200000, 0x0000000096200000, 0x0000000096300000|  0%| F|  |TAMS 0x0000000096200000, 0x0000000096200000| Untracked 
|  83|0x0000000096300000, 0x0000000096300000, 0x0000000096400000|  0%| F|  |TAMS 0x0000000096300000, 0x0000000096300000| Untracked 
|  84|0x0000000096400000, 0x0000000096400000, 0x0000000096500000|  0%| F|  |TAMS 0x0000000096400000, 0x0000000096400000| Untracked 
|  85|0x0000000096500000, 0x0000000096500000, 0x0000000096600000|  0%| F|  |TAMS 0x0000000096500000, 0x0000000096500000| Untracked 
|  86|0x0000000096600000, 0x0000000096600000, 0x0000000096700000|  0%| F|  |TAMS 0x0000000096600000, 0x0000000096600000| Untracked 
|  87|0x0000000096700000, 0x0000000096700000, 0x0000000096800000|  0%| F|  |TAMS 0x0000000096700000, 0x0000000096700000| Untracked 
|  88|0x0000000096800000, 0x0000000096800000, 0x0000000096900000|  0%| F|  |TAMS 0x0000000096800000, 0x0000000096800000| Untracked 
|  89|0x0000000096900000, 0x0000000096900000, 0x0000000096a00000|  0%| F|  |TAMS 0x0000000096900000, 0x0000000096900000| Untracked 
|  90|0x0000000096a00000, 0x0000000096a00000, 0x0000000096b00000|  0%| F|  |TAMS 0x0000000096a00000, 0x0000000096a00000| Untracked 
|  91|0x0000000096b00000, 0x0000000096b00000, 0x0000000096c00000|  0%| F|  |TAMS 0x0000000096b00000, 0x0000000096b00000| Untracked 
|  92|0x0000000096c00000, 0x0000000096c00000, 0x0000000096d00000|  0%| F|  |TAMS 0x0000000096c00000, 0x0000000096c00000| Untracked 
|  93|0x0000000096d00000, 0x0000000096d00000, 0x0000000096e00000|  0%| F|  |TAMS 0x0000000096d00000, 0x0000000096d00000| Untracked 
|  94|0x0000000096e00000, 0x0000000096e00000, 0x0000000096f00000|  0%| F|  |TAMS 0x0000000096e00000, 0x0000000096e00000| Untracked 
|  95|0x0000000096f00000, 0x0000000096f00000, 0x0000000097000000|  0%| F|  |TAMS 0x0000000096f00000, 0x0000000096f00000| Untracked 
|  96|0x0000000097000000, 0x0000000097000000, 0x0000000097100000|  0%| F|  |TAMS 0x0000000097000000, 0x0000000097000000| Untracked 
|  97|0x0000000097100000, 0x0000000097100000, 0x0000000097200000|  0%| F|  |TAMS 0x0000000097100000, 0x0000000097100000| Untracked 
|  98|0x0000000097200000, 0x0000000097200000, 0x0000000097300000|  0%| F|  |TAMS 0x0000000097200000, 0x0000000097200000| Untracked 
|  99|0x0000000097300000, 0x0000000097300000, 0x0000000097400000|  0%| F|  |TAMS 0x0000000097300000, 0x0000000097300000| Untracked 
| 100|0x0000000097400000, 0x0000000097400000, 0x0000000097500000|  0%| F|  |TAMS 0x0000000097400000, 0x0000000097400000| Untracked 
| 101|0x0000000097500000, 0x0000000097500000, 0x0000000097600000|  0%| F|  |TAMS 0x0000000097500000, 0x0000000097500000| Untracked 
| 102|0x0000000097600000, 0x0000000097600000, 0x0000000097700000|  0%| F|  |TAMS 0x0000000097600000, 0x0000000097600000| Untracked 
| 103|0x0000000097700000, 0x0000000097700000, 0x0000000097800000|  0%| F|  |TAMS 0x0000000097700000, 0x0000000097700000| Untracked 
| 104|0x0000000097800000, 0x0000000097800000, 0x0000000097900000|  0%| F|  |TAMS 0x0000000097800000, 0x0000000097800000| Untracked 
| 105|0x0000000097900000, 0x0000000097900000, 0x0000000097a00000|  0%| F|  |TAMS 0x0000000097900000, 0x0000000097900000| Untracked 
| 106|0x0000000097a00000, 0x0000000097a00000, 0x0000000097b00000|  0%| F|  |TAMS 0x0000000097a00000, 0x0000000097a00000| Untracked 
| 107|0x0000000097b00000, 0x0000000097b00000, 0x0000000097c00000|  0%| F|  |TAMS 0x0000000097b00000, 0x0000000097b00000| Untracked 
| 108|0x0000000097c00000, 0x0000000097c00000, 0x0000000097d00000|  0%| F|  |TAMS 0x0000000097c00000, 0x0000000097c00000| Untracked 
| 109|0x0000000097d00000, 0x0000000097d00000, 0x0000000097e00000|  0%| F|  |TAMS 0x0000000097d00000, 0x0000000097d00000| Untracked 
| 110|0x0000000097e00000, 0x0000000097e00000, 0x0000000097f00000|  0%| F|  |TAMS 0x0000000097e00000, 0x0000000097e00000| Untracked 
| 111|0x0000000097f00000, 0x0000000097f00000, 0x0000000098000000|  0%| F|  |TAMS 0x0000000097f00000, 0x0000000097f00000| Untracked 
| 112|0x0000000098000000, 0x0000000098080800, 0x0000000098100000| 50%| E|  |TAMS 0x0000000098000000, 0x0000000098000000| Complete 
| 113|0x0000000098100000, 0x0000000098200000, 0x0000000098200000|100%| E|CS|TAMS 0x0000000098100000, 0x0000000098100000| Complete 
| 114|0x0000000098200000, 0x0000000098300000, 0x0000000098300000|100%| E|CS|TAMS 0x0000000098200000, 0x0000000098200000| Complete 
| 115|0x0000000098300000, 0x0000000098400000, 0x0000000098400000|100%| E|CS|TAMS 0x0000000098300000, 0x0000000098300000| Complete 
| 116|0x0000000098400000, 0x0000000098500000, 0x0000000098500000|100%| E|CS|TAMS 0x0000000098400000, 0x0000000098400000| Complete 
| 117|0x0000000098500000, 0x0000000098600000, 0x0000000098600000|100%| E|CS|TAMS 0x0000000098500000, 0x0000000098500000| Complete 
| 118|0x0000000098600000, 0x0000000098700000, 0x0000000098700000|100%| E|CS|TAMS 0x0000000098600000, 0x0000000098600000| Complete 
| 119|0x0000000098700000, 0x0000000098800000, 0x0000000098800000|100%| E|CS|TAMS 0x0000000098700000, 0x0000000098700000| Complete 
| 120|0x0000000098800000, 0x0000000098900000, 0x0000000098900000|100%| E|CS|TAMS 0x0000000098800000, 0x0000000098800000| Complete 
| 121|0x0000000098900000, 0x0000000098a00000, 0x0000000098a00000|100%| E|CS|TAMS 0x0000000098900000, 0x0000000098900000| Complete 
| 122|0x0000000098a00000, 0x0000000098b00000, 0x0000000098b00000|100%| E|CS|TAMS 0x0000000098a00000, 0x0000000098a00000| Complete 
| 123|0x0000000098b00000, 0x0000000098c00000, 0x0000000098c00000|100%| E|CS|TAMS 0x0000000098b00000, 0x0000000098b00000| Complete 
| 124|0x0000000098c00000, 0x0000000098d00000, 0x0000000098d00000|100%| E|CS|TAMS 0x0000000098c00000, 0x0000000098c00000| Complete 
| 125|0x0000000098d00000, 0x0000000098e00000, 0x0000000098e00000|100%| E|CS|TAMS 0x0000000098d00000, 0x0000000098d00000| Complete 
| 126|0x0000000098e00000, 0x0000000098f00000, 0x0000000098f00000|100%| E|CS|TAMS 0x0000000098e00000, 0x0000000098e00000| Complete 
| 127|0x0000000098f00000, 0x0000000099000000, 0x0000000099000000|100%| E|CS|TAMS 0x0000000098f00000, 0x0000000098f00000| Complete 
| 128|0x0000000099000000, 0x0000000099100000, 0x0000000099100000|100%| E|CS|TAMS 0x0000000099000000, 0x0000000099000000| Complete 
| 129|0x0000000099100000, 0x0000000099200000, 0x0000000099200000|100%| E|CS|TAMS 0x0000000099100000, 0x0000000099100000| Complete 
| 130|0x0000000099200000, 0x0000000099300000, 0x0000000099300000|100%| E|CS|TAMS 0x0000000099200000, 0x0000000099200000| Complete 
| 131|0x0000000099300000, 0x0000000099400000, 0x0000000099400000|100%| E|CS|TAMS 0x0000000099300000, 0x0000000099300000| Complete 
| 132|0x0000000099400000, 0x0000000099500000, 0x0000000099500000|100%| E|CS|TAMS 0x0000000099400000, 0x0000000099400000| Complete 
| 133|0x0000000099500000, 0x0000000099600000, 0x0000000099600000|100%| E|CS|TAMS 0x0000000099500000, 0x0000000099500000| Complete 
| 134|0x0000000099600000, 0x0000000099700000, 0x0000000099700000|100%| E|CS|TAMS 0x0000000099600000, 0x0000000099600000| Complete 
| 135|0x0000000099700000, 0x0000000099800000, 0x0000000099800000|100%| E|CS|TAMS 0x0000000099700000, 0x0000000099700000| Complete 

Card table byte_map: [0x0000016919660000,0x00000169199e0000] _byte_map_base: 0x00000169191d8000

Marking Bits (Prev, Next): (CMBitMap*) 0x0000016905da2948, (CMBitMap*) 0x0000016905da2980
 Prev Bits: [0x0000016919d60000, 0x000001691b920000)
 Next Bits: [0x000001691b920000, 0x000001691d4e0000)

Polling page: 0x00000169044c0000

Metaspace:

Usage:
  Non-class:     48.07 MB capacity,    47.64 MB (>99%) used,   354.91 KB ( <1%) free+waste,    84.88 KB ( <1%) overhead. 
      Class:      6.47 MB capacity,     6.21 MB ( 96%) used,   236.93 KB (  4%) free+waste,    36.75 KB ( <1%) overhead. 
       Both:     54.54 MB capacity,    53.85 MB ( 99%) used,   591.84 KB (  1%) free+waste,   121.63 KB ( <1%) overhead. 

Virtual space:
  Non-class space:       50.00 MB reserved,      48.25 MB ( 97%) committed 
      Class space:        1.00 GB reserved,       6.50 MB ( <1%) committed 
             Both:        1.05 GB reserved,      54.75 MB (  5%) committed 

Chunk freelists:
   Non-Class:  58.00 KB
       Class:  27.00 KB
        Both:  85.00 KB

MaxMetaspaceSize: 17179869184.00 GB
CompressedClassSpaceSize: 1.00 GB
Initial GC threshold: 20.80 MB
Current GC threshold: 58.34 MB
CDS: off

CodeHeap 'non-profiled nmethods': size=120000Kb used=1947Kb max_used=1947Kb free=118052Kb
 bounds [0x0000016911350000, 0x00000169115c0000, 0x0000016918880000]
CodeHeap 'profiled nmethods': size=120000Kb used=13001Kb max_used=13001Kb free=106998Kb
 bounds [0x0000016909e20000, 0x000001690aae0000, 0x0000016911350000]
CodeHeap 'non-nmethods': size=5760Kb used=1297Kb max_used=1316Kb free=4462Kb
 bounds [0x0000016909880000, 0x0000016909af0000, 0x0000016909e20000]
 total_blobs=5918 nmethods=5337 adapters=491
 compilation: enabled
              stopped_count=0, restarted_count=0
 full_count=0

Compilation events (20 events):
Event: 6.379 Thread 0x000001691ff4c800 nmethod 5340 0x000001690aab5110 code [0x000001690aab53c0, 0x000001690aab5c68]
Event: 6.396 Thread 0x000001691ff4c800 5341       2       org.jetbrains.kotlin.util.slicedMap.SlicedMapImpl::put (187 bytes)
Event: 6.398 Thread 0x000001691ff4c800 nmethod 5341 0x000001690aab6110 code [0x000001690aab63e0, 0x000001690aab6ce8]
Event: 6.398 Thread 0x000001691ff4c800 5342       2       org.jetbrains.kotlin.util.slicedMap.OpenAddressLinearProbingHashTable::put (60 bytes)
Event: 6.399 Thread 0x000001691ff4c800 nmethod 5342 0x000001690aab7110 code [0x000001690aab7360, 0x000001690aab7818]
Event: 6.399 Thread 0x000001691ff4c800 5343       2       org.jetbrains.kotlin.util.slicedMap.BasicWritableSlice::afterPut (1 bytes)
Event: 6.399 Thread 0x000001691ff4c800 nmethod 5343 0x000001690aab7b10 code [0x000001690aab7cc0, 0x000001690aab7db8]
Event: 6.403 Thread 0x000001691ff4c800 5344       2       org.jetbrains.kotlin.util.slicedMap.BasicWritableSlice::check (39 bytes)
Event: 6.404 Thread 0x000001691ff4c800 nmethod 5344 0x000001690aab7e90 code [0x000001690aab8040, 0x000001690aab8138]
Event: 6.404 Thread 0x000001691ff4c800 5345       2       org.jetbrains.kotlin.cli.jvm.compiler.NoScopeRecordCliBindingTrace::record (35 bytes)
Event: 6.404 Thread 0x000001691ff4c800 nmethod 5345 0x000001690aab8210 code [0x000001690aab8440, 0x000001690aab8848]
Event: 6.408 Thread 0x000001691ff4c800 5346       2       org.jetbrains.kotlin.psi.KtElementImplStub::getParent (18 bytes)
Event: 6.408 Thread 0x000001691ff4c800 nmethod 5346 0x000001690aab8b10 code [0x000001690aab8d20, 0x000001690aab9098]
Event: 6.409 Thread 0x000001691ff4c800 5347       2       org.jetbrains.kotlin.com.intellij.extapi.psi.StubBasedPsiElementBase::getParent (44 bytes)
Event: 6.409 Thread 0x000001691ff4c800 nmethod 5347 0x000001690aab9310 code [0x000001690aab9540, 0x000001690aab9908]
Event: 6.409 Thread 0x000001691ff4c800 5348       2       org.jetbrains.kotlin.com.intellij.psi.impl.source.PsiFileImpl::assertReadAccessAllowed (23 bytes)
Event: 6.410 Thread 0x000001691ff4c800 nmethod 5348 0x000001690aab9b90 code [0x000001690aab9d60, 0x000001690aab9f18]
Event: 6.410 Thread 0x000001691ff4c800 5349       2       java.lang.invoke.MemberName::<init> (131 bytes)
Event: 6.410 Thread 0x000001691ff4c800 nmethod 5349 0x000001690aaba010 code [0x000001690aaba2a0, 0x000001690aabab18]
Event: 6.411 Thread 0x000001691ff4c800 5351   !   2       org.jetbrains.kotlin.com.intellij.psi.impl.source.PsiFileImpl::getStubTree (391 bytes)

GC Heap History (14 events):
Event: 0.911 GC heap before
{Heap before GC invocations=0 (full 0):
 garbage-first heap   total 114688K, used 27648K [0x0000000091000000, 0x0000000100000000)
  region size 1024K, 24 young (24576K), 0 survivors (0K)
 Metaspace       used 12355K, capacity 12501K, committed 12800K, reserved 1060864K
  class space    used 1163K, capacity 1206K, committed 1280K, reserved 1048576K
}
Event: 0.916 GC heap after
{Heap after GC invocations=1 (full 0):
 garbage-first heap   total 114688K, used 5976K [0x0000000091000000, 0x0000000100000000)
  region size 1024K, 3 young (3072K), 3 survivors (3072K)
 Metaspace       used 12355K, capacity 12501K, committed 12800K, reserved 1060864K
  class space    used 1163K, capacity 1206K, committed 1280K, reserved 1048576K
}
Event: 1.785 GC heap before
{Heap before GC invocations=1 (full 0):
 garbage-first heap   total 114688K, used 40792K [0x0000000091000000, 0x0000000100000000)
  region size 1024K, 38 young (38912K), 3 survivors (3072K)
 Metaspace       used 20907K, capacity 21158K, committed 21248K, reserved 1069056K
  class space    used 2224K, capacity 2293K, committed 2304K, reserved 1048576K
}
Event: 1.810 GC heap after
{Heap after GC invocations=2 (full 0):
 garbage-first heap   total 114688K, used 9111K [0x0000000091000000, 0x0000000100000000)
  region size 1024K, 6 young (6144K), 6 survivors (6144K)
 Metaspace       used 20907K, capacity 21158K, committed 21248K, reserved 1069056K
  class space    used 2224K, capacity 2293K, committed 2304K, reserved 1048576K
}
Event: 2.952 GC heap before
{Heap before GC invocations=3 (full 0):
 garbage-first heap   total 114688K, used 60311K [0x0000000091000000, 0x0000000100000000)
  region size 1024K, 51 young (52224K), 6 survivors (6144K)
 Metaspace       used 32310K, capacity 32837K, committed 33024K, reserved 1077248K
  class space    used 4060K, capacity 4264K, committed 4352K, reserved 1048576K
}
Event: 2.972 GC heap after
{Heap after GC invocations=4 (full 0):
 garbage-first heap   total 114688K, used 19814K [0x0000000091000000, 0x0000000100000000)
  region size 1024K, 7 young (7168K), 7 survivors (7168K)
 Metaspace       used 32310K, capacity 32837K, committed 33024K, reserved 1077248K
  class space    used 4060K, capacity 4264K, committed 4352K, reserved 1048576K
}
Event: 3.185 GC heap before
{Heap before GC invocations=4 (full 0):
 garbage-first heap   total 114688K, used 32102K [0x0000000091000000, 0x0000000100000000)
  region size 1024K, 20 young (20480K), 7 survivors (7168K)
 Metaspace       used 35021K, capacity 35504K, committed 35584K, reserved 1081344K
  class space    used 4356K, capacity 4556K, committed 4608K, reserved 1048576K
}
Event: 3.201 GC heap after
{Heap after GC invocations=5 (full 0):
 garbage-first heap   total 114688K, used 21465K [0x0000000091000000, 0x0000000100000000)
  region size 1024K, 2 young (2048K), 2 survivors (2048K)
 Metaspace       used 35021K, capacity 35504K, committed 35584K, reserved 1081344K
  class space    used 4356K, capacity 4556K, committed 4608K, reserved 1048576K
}
Event: 4.032 GC heap before
{Heap before GC invocations=6 (full 0):
 garbage-first heap   total 114688K, used 60377K [0x0000000091000000, 0x0000000100000000)
  region size 1024K, 40 young (40960K), 2 survivors (2048K)
 Metaspace       used 42856K, capacity 43396K, committed 43520K, reserved 1087488K
  class space    used 5159K, capacity 5369K, committed 5376K, reserved 1048576K
}
Event: 4.042 GC heap after
{Heap after GC invocations=7 (full 0):
 garbage-first heap   total 139264K, used 24516K [0x0000000091000000, 0x0000000100000000)
  region size 1024K, 5 young (5120K), 5 survivors (5120K)
 Metaspace       used 42856K, capacity 43396K, committed 43520K, reserved 1087488K
  class space    used 5159K, capacity 5369K, committed 5376K, reserved 1048576K
}
Event: 4.800 GC heap before
{Heap before GC invocations=7 (full 0):
 garbage-first heap   total 139264K, used 75716K [0x0000000091000000, 0x0000000100000000)
  region size 1024K, 54 young (55296K), 5 survivors (5120K)
 Metaspace       used 49025K, capacity 49581K, committed 49920K, reserved 1093632K
  class space    used 5819K, capacity 6037K, committed 6144K, reserved 1048576K
}
Event: 4.813 GC heap after
{Heap after GC invocations=8 (full 0):
 garbage-first heap   total 139264K, used 28434K [0x0000000091000000, 0x0000000100000000)
  region size 1024K, 7 young (7168K), 7 survivors (7168K)
 Metaspace       used 49025K, capacity 49581K, committed 49920K, reserved 1093632K
  class space    used 5819K, capacity 6037K, committed 6144K, reserved 1048576K
}
Event: 5.934 GC heap before
{Heap before GC invocations=8 (full 0):
 garbage-first heap   total 139264K, used 83730K [0x0000000091000000, 0x0000000100000000)
  region size 1024K, 61 young (62464K), 7 survivors (7168K)
 Metaspace       used 51811K, capacity 52439K, committed 52608K, reserved 1095680K
  class space    used 5986K, capacity 6240K, committed 6272K, reserved 1048576K
}
Event: 5.963 GC heap after
{Heap after GC invocations=9 (full 0):
 garbage-first heap   total 139264K, used 37597K [0x0000000091000000, 0x0000000100000000)
  region size 1024K, 8 young (8192K), 8 survivors (8192K)
 Metaspace       used 51811K, capacity 52439K, committed 52608K, reserved 1095680K
  class space    used 5986K, capacity 6240K, committed 6272K, reserved 1048576K
}

Deoptimization events (20 events):
Event: 6.317 Thread 0x0000016905d68800 Uncommon trap: trap_request=0xffffffde fr.pc=0x00000169114ef3a0 relative=0x0000000000002400
Event: 6.317 Thread 0x0000016905d68800 Uncommon trap: reason=class_check action=maybe_recompile pc=0x00000169114ef3a0 method=org.jetbrains.kotlin.serialization.deserialization.descriptors.DeserializedPackageMemberScope.hasClass(Lorg/jetbrains/kotlin/name/Name;)Z @ 28 c2
Event: 6.317 Thread 0x0000016905d68800 DEOPT PACKING pc=0x00000169114ef3a0 sp=0x0000003e510fae30
Event: 6.317 Thread 0x0000016905d68800 DEOPT UNPACKING pc=0x00000169098ca1af sp=0x0000003e510fad80 mode 2
Event: 6.317 Thread 0x0000016905d68800 Uncommon trap: trap_request=0xffffffde fr.pc=0x00000169114ef3a0 relative=0x0000000000002400
Event: 6.317 Thread 0x0000016905d68800 Uncommon trap: reason=class_check action=maybe_recompile pc=0x00000169114ef3a0 method=org.jetbrains.kotlin.serialization.deserialization.descriptors.DeserializedPackageMemberScope.hasClass(Lorg/jetbrains/kotlin/name/Name;)Z @ 28 c2
Event: 6.317 Thread 0x0000016905d68800 DEOPT PACKING pc=0x00000169114ef3a0 sp=0x0000003e510fae30
Event: 6.317 Thread 0x0000016905d68800 DEOPT UNPACKING pc=0x00000169098ca1af sp=0x0000003e510fad80 mode 2
Event: 6.317 Thread 0x0000016905d68800 Uncommon trap: trap_request=0xffffffde fr.pc=0x00000169114ef3a0 relative=0x0000000000002400
Event: 6.317 Thread 0x0000016905d68800 Uncommon trap: reason=class_check action=maybe_recompile pc=0x00000169114ef3a0 method=org.jetbrains.kotlin.serialization.deserialization.descriptors.DeserializedPackageMemberScope.hasClass(Lorg/jetbrains/kotlin/name/Name;)Z @ 28 c2
Event: 6.317 Thread 0x0000016905d68800 DEOPT PACKING pc=0x00000169114ef3a0 sp=0x0000003e510fae30
Event: 6.317 Thread 0x0000016905d68800 DEOPT UNPACKING pc=0x00000169098ca1af sp=0x0000003e510fad80 mode 2
Event: 6.320 Thread 0x0000016905d68800 Uncommon trap: trap_request=0xffffff4d fr.pc=0x00000169114f3fb0 relative=0x0000000000000070
Event: 6.320 Thread 0x0000016905d68800 Uncommon trap: reason=unstable_if action=reinterpret pc=0x00000169114f3fb0 method=org.jetbrains.kotlin.types.ErrorUtils.isError(Lorg/jetbrains/kotlin/descriptors/DeclarationDescriptor;)Z @ 22 c2
Event: 6.320 Thread 0x0000016905d68800 DEOPT PACKING pc=0x00000169114f3fb0 sp=0x0000003e510fbb00
Event: 6.320 Thread 0x0000016905d68800 DEOPT UNPACKING pc=0x00000169098ca1af sp=0x0000003e510fbaa0 mode 2
Event: 6.334 Thread 0x0000016905d68800 Uncommon trap: trap_request=0xffffff4d fr.pc=0x000001691151f2bc relative=0x000000000000011c
Event: 6.334 Thread 0x0000016905d68800 Uncommon trap: reason=unstable_if action=reinterpret pc=0x000001691151f2bc method=org.jetbrains.kotlin.com.intellij.psi.tree.TokenSet.contains(Lorg/jetbrains/kotlin/com/intellij/psi/tree/IElementType;)Z @ 1 c2
Event: 6.334 Thread 0x0000016905d68800 DEOPT PACKING pc=0x000001691151f2bc sp=0x0000003e510fbbd0
Event: 6.334 Thread 0x0000016905d68800 DEOPT UNPACKING pc=0x00000169098ca1af sp=0x0000003e510fbb88 mode 2

Classes redefined (0 events):
No events

Internal exceptions (20 events):
Event: 2.150 Thread 0x0000016905d68800 Exception <a 'java/lang/NoSuchMethodError'{0x000000009727a418}: 'java.lang.Object java.lang.invoke.DirectMethodHandle$Holder.invokeStatic(java.lang.Object, java.lang.Object, java.lang.Object, java.lang.Object, int)'> (0x000000009727a418) thrown at [./src/hotspot/share/interpreter/linkResolver.cpp, line 773]
Event: 2.201 Thread 0x0000016905d68800 Exception <a 'java/lang/NoSuchMethodError'{0x000000009719d968}: 'void java.lang.invoke.DirectMethodHandle$Holder.invokeStatic(java.lang.Object, java.lang.Object, java.lang.Object, java.lang.Object)'> (0x000000009719d968) thrown at [./src/hotspot/share/interpreter/linkResolver.cpp, line 773]
Event: 2.277 Thread 0x0000016905d68800 Exception <a 'java/lang/NoSuchMethodError'{0x0000000096d7cfa0}: 'void java.lang.invoke.DirectMethodHandle$Holder.invokeStaticInit(java.lang.Object, java.lang.Object)'> (0x0000000096d7cfa0) thrown at [./src/hotspot/share/interpreter/linkResolver.cpp, line 773]
Event: 2.401 Thread 0x0000016905d68800 Exception <a 'java/lang/NoSuchMethodError'{0x0000000096891e30}: 'void java.lang.invoke.DirectMethodHandle$Holder.invokeVirtual(java.lang.Object, java.lang.Object)'> (0x0000000096891e30) thrown at [./src/hotspot/share/interpreter/linkResolver.cpp, line 773]
Event: 2.412 Thread 0x0000016905d68800 Exception <a 'java/lang/NoSuchMethodError'{0x00000000967169d8}: 'int java.lang.invoke.DirectMethodHandle$Holder.invokeVirtual(java.lang.Object, java.lang.Object)'> (0x00000000967169d8) thrown at [./src/hotspot/share/interpreter/linkResolver.cpp, line 773]
Event: 3.156 Thread 0x0000016905d68800 Exception <a 'java/lang/NoSuchMethodError'{0x0000000097531868}: 'java.lang.Object java.lang.invoke.DirectMethodHandle$Holder.invokeVirtual(java.lang.Object, java.lang.Object, java.lang.Object)'> (0x0000000097531868) thrown at [./src/hotspot/share/interpreter/linkResolver.cpp, line 773]
Event: 4.043 Thread 0x0000016905d68800 Exception <a 'java/lang/NoSuchMethodError'{0x0000000099701e38}: 'java.lang.Object java.lang.invoke.Invokers$Holder.linkToTargetMethod(java.lang.Object, int, java.lang.Object)'> (0x0000000099701e38) thrown at [./src/hotspot/share/interpreter/linkResolver.cpp, line 773]
Event: 4.224 Thread 0x0000016905d68800 Exception <a 'java/lang/NoSuchMethodError'{0x0000000099256940}: 'java.lang.Object java.lang.invoke.DirectMethodHandle$Holder.invokeStatic(java.lang.Object, java.lang.Object, java.lang.Object, int)'> (0x0000000099256940) thrown at [./src/hotspot/share/interpreter/linkResolver.cpp, line 773]
Event: 4.224 Thread 0x0000016905d68800 Exception <a 'java/lang/NoSuchMethodError'{0x000000009925a5b0}: 'java.lang.Object java.lang.invoke.DirectMethodHandle$Holder.invokeSpecial(java.lang.Object, java.lang.Object, java.lang.Object, java.lang.Object, int)'> (0x000000009925a5b0) thrown at [./src/hotspot/share/interpreter/linkResolver.cpp, line 773]
Event: 4.224 Thread 0x0000016905d68800 Exception <a 'java/lang/NoSuchMethodError'{0x000000009925d8c0}: 'java.lang.Object java.lang.invoke.Invokers$Holder.linkToTargetMethod(java.lang.Object, java.lang.Object, int, java.lang.Object)'> (0x000000009925d8c0) thrown at [./src/hotspot/share/interpreter/linkResolver.cpp, line 773]
Event: 5.071 Thread 0x0000016905d68800 Exception <a 'java/lang/NoSuchMethodError'{0x0000000098b863e8}: 'int java.lang.invoke.DirectMethodHandle$Holder.invokeInterface(java.lang.Object, java.lang.Object)'> (0x0000000098b863e8) thrown at [./src/hotspot/share/interpreter/linkResolver.cpp, line 773]
Event: 5.177 Thread 0x0000016905d68800 Exception <a 'java/lang/NoSuchMethodError'{0x00000000987bc538}: 'java.lang.Object java.lang.invoke.DirectMethodHandle$Holder.invokeStaticInit(java.lang.Object, java.lang.Object, java.lang.Object)'> (0x00000000987bc538) thrown at [./src/hotspot/share/interpreter/linkResolver.cpp, line 773]
Event: 5.887 Thread 0x0000016905d68800 Implicit null exception at 0x00000169114ddbb3 to 0x00000169114ddfb8
Event: 5.986 Thread 0x0000016905d68800 Exception <a 'java/lang/NoSuchMethodError'{0x00000000997f7818}: 'java.lang.Object java.lang.invoke.DirectMethodHandle$Holder.invokeInterface(java.lang.Object, java.lang.Object, int)'> (0x00000000997f7818) thrown at [./src/hotspot/share/interpreter/linkResolver.cpp, line 773]
Event: 5.993 Thread 0x0000016905d68800 Exception <a 'java/lang/NoSuchMethodError'{0x00000000996097e8}: 'java.lang.Object java.lang.invoke.DirectMethodHandle$Holder.invokeSpecial(java.lang.Object, java.lang.Object, java.lang.Object, java.lang.Object, java.lang.Object, int)'> (0x00000000996097e8) thrown at [./src/hotspot/share/interpreter/linkResolver.cpp, line 773]
Event: 5.994 Thread 0x0000016905d68800 Exception <a 'java/lang/NoSuchMethodError'{0x0000000099611148}: 'java.lang.Object java.lang.invoke.DirectMethodHandle$Holder.invokeStatic(java.lang.Object, java.lang.Object, java.lang.Object, java.lang.Object, java.lang.Object, int)'> (0x0000000099611148) thrown at [./src/hotspot/share/interpreter/linkResolver.cpp, line 773]
Event: 5.994 Thread 0x0000016905d68800 Exception <a 'java/lang/NoSuchMethodError'{0x0000000099617d10}: 'java.lang.Object java.lang.invoke.DirectMethodHandle$Holder.invokeSpecial(java.lang.Object, java.lang.Object, java.lang.Object, java.lang.Object, java.lang.Object, java.lang.Object, int)'> (0x0000000099617d10) thrown at [./src/hotspot/share/interpreter/linkResolver.cpp, line 773]
Event: 6.094 Thread 0x0000016905d68800 Exception <a 'java/lang/NoSuchMethodError'{0x00000000993a0ad8}: 'java.lang.Object java.lang.invoke.Invokers$Holder.linkToTargetMethod(java.lang.Object, java.lang.Object, java.lang.Object, int, int, java.lang.Object)'> (0x00000000993a0ad8) thrown at [./src/hotspot/share/interpreter/linkResolver.cpp, line 773]
Event: 6.142 Thread 0x0000016905d68800 Exception <a 'java/lang/NoSuchMethodError'{0x00000000991626d0}: 'java.lang.Object java.lang.invoke.Invokers$Holder.linkToTargetMethod(java.lang.Object, java.lang.Object, java.lang.Object, java.lang.Object, java.lang.Object, java.lang.Object)'> (0x00000000991626d0) thrown at [./src/hotspot/share/interpreter/linkResolver.cpp, line 773]
Event: 6.334 Thread 0x0000016905d68800 Implicit null exception at 0x000001691151f1cc to 0x000001691151f2a8

Events (20 events):
Event: 6.407 loading class org/jetbrains/kotlin/descriptors/annotations/FilteredAnnotations
Event: 6.407 loading class org/jetbrains/kotlin/descriptors/annotations/FilteredAnnotations done
Event: 6.407 loading class org/jetbrains/kotlin/resolve/jvm/JvmDeclarationReturnTypeSanitizer$sanitizeReturnType$1
Event: 6.407 loading class org/jetbrains/kotlin/resolve/jvm/JvmDeclarationReturnTypeSanitizer$sanitizeReturnType$1 done
Event: 6.408 loading class org/jetbrains/kotlin/descriptors/PropertyDescriptor
Event: 6.408 loading class org/jetbrains/kotlin/descriptors/PropertyDescriptor done
Event: 6.408 loading class org/jetbrains/kotlin/resolve/scopes/LexicalScopeImpl$InitializeHandler
Event: 6.408 loading class org/jetbrains/kotlin/resolve/scopes/LexicalScopeImpl$InitializeHandler done
Event: 6.408 loading class org/jetbrains/kotlin/descriptors/PropertyDescriptor
Event: 6.408 loading class org/jetbrains/kotlin/descriptors/PropertyDescriptor done
Event: 6.409 loading class org/jetbrains/kotlin/util/slicedMap/WritableSlice
Event: 6.409 loading class org/jetbrains/kotlin/util/slicedMap/WritableSlice done
Event: 6.409 loading class org/jetbrains/kotlin/descriptors/PropertyDescriptor
Event: 6.409 loading class org/jetbrains/kotlin/descriptors/PropertyDescriptor done
Event: 6.410 loading class org/jetbrains/kotlin/util/slicedMap/WritableSlice
Event: 6.410 loading class org/jetbrains/kotlin/util/slicedMap/WritableSlice done
Event: 6.410 loading class org/jetbrains/kotlin/resolve/BodyResolver
Event: 6.410 loading class org/jetbrains/kotlin/resolve/BodyResolver done
Event: 6.410 loading class org/jetbrains/kotlin/resolve/ObservableBindingTrace$RecordHandler
Event: 6.410 loading class org/jetbrains/kotlin/resolve/ObservableBindingTrace$RecordHandler done


Dynamic libraries:
0x00007ff7f8ca0000 - 0x00007ff7f8caa000 	D:\android-studio\jre\bin\java.exe
0x00007ffae0ad0000 - 0x00007ffae0cc5000 	C:\WINDOWS\SYSTEM32\ntdll.dll
0x00007ffae0890000 - 0x00007ffae094e000 	C:\WINDOWS\System32\KERNEL32.DLL
0x00007ffade680000 - 0x00007ffade948000 	C:\WINDOWS\System32\KERNELBASE.dll
0x00007ffade2c0000 - 0x00007ffade3c0000 	C:\WINDOWS\System32\ucrtbase.dll
0x00007ffad6290000 - 0x00007ffad62a7000 	D:\android-studio\jre\bin\VCRUNTIME140.dll
0x00007ffad85f0000 - 0x00007ffad8609000 	D:\android-studio\jre\bin\jli.dll
0x00007ffadf000000 - 0x00007ffadf1a1000 	C:\WINDOWS\System32\USER32.dll
0x00007ffac8780000 - 0x00007ffac8a1a000 	C:\WINDOWS\WinSxS\amd64_microsoft.windows.common-controls_6595b64144ccf1df_6.0.19041.1110_none_60b5254171f9507e\COMCTL32.dll
0x00007ffade1e0000 - 0x00007ffade202000 	C:\WINDOWS\System32\win32u.dll
0x00007ffae0340000 - 0x00007ffae03de000 	C:\WINDOWS\System32\msvcrt.dll
0x00007ffadee70000 - 0x00007ffadee9b000 	C:\WINDOWS\System32\GDI32.dll
0x00007ffade520000 - 0x00007ffade62d000 	C:\WINDOWS\System32\gdi32full.dll
0x00007ffade950000 - 0x00007ffade9ed000 	C:\WINDOWS\System32\msvcp_win.dll
0x00007ffadeea0000 - 0x00007ffadeed0000 	C:\WINDOWS\System32\IMM32.DLL
0x00007ffad6170000 - 0x00007ffad620d000 	D:\android-studio\jre\bin\msvcp140.dll
0x00007ffa8c100000 - 0x00007ffa8cbe5000 	D:\android-studio\jre\bin\server\jvm.dll
0x00007ffadebb0000 - 0x00007ffadec5e000 	C:\WINDOWS\System32\ADVAPI32.dll
0x00007ffadf6a0000 - 0x00007ffadf73c000 	C:\WINDOWS\System32\sechost.dll
0x00007ffae0700000 - 0x00007ffae0825000 	C:\WINDOWS\System32\RPCRT4.dll
0x00007ffadfe90000 - 0x00007ffadfe98000 	C:\WINDOWS\System32\PSAPI.DLL
0x00007ffad3b00000 - 0x00007ffad3b0a000 	C:\WINDOWS\SYSTEM32\VERSION.dll
0x00007ffad3a40000 - 0x00007ffad3a67000 	C:\WINDOWS\SYSTEM32\WINMM.dll
0x00007ffadb280000 - 0x00007ffadb289000 	C:\WINDOWS\SYSTEM32\WSOCK32.dll
0x00007ffae0490000 - 0x00007ffae04fb000 	C:\WINDOWS\System32\WS2_32.dll
0x00007ffadcab0000 - 0x00007ffadcac2000 	C:\WINDOWS\SYSTEM32\kernel.appcore.dll
0x00007ffad5c10000 - 0x00007ffad5c21000 	D:\android-studio\jre\bin\verify.dll
0x00007ffadbd60000 - 0x00007ffadbf44000 	C:\WINDOWS\SYSTEM32\DBGHELP.DLL
0x00007ffad3b10000 - 0x00007ffad3b3c000 	C:\WINDOWS\SYSTEM32\dbgcore.DLL
0x00007ffade9f0000 - 0x00007ffadea72000 	C:\WINDOWS\System32\bcryptPrimitives.dll
0x00007ffad5be0000 - 0x00007ffad5c09000 	D:\android-studio\jre\bin\java.dll
0x00007ffad86c0000 - 0x00007ffad86cb000 	D:\android-studio\jre\bin\jimage.dll
0x00007ffad2590000 - 0x00007ffad25a8000 	D:\android-studio\jre\bin\zip.dll
0x00007ffadf740000 - 0x00007ffadfe84000 	C:\WINDOWS\System32\SHELL32.dll
0x00007ffadc2b0000 - 0x00007ffadca45000 	C:\WINDOWS\SYSTEM32\windows.storage.dll
0x00007ffadffe0000 - 0x00007ffae0335000 	C:\WINDOWS\System32\combase.dll
0x00007ffaddb60000 - 0x00007ffaddb8e000 	C:\WINDOWS\SYSTEM32\Wldp.dll
0x00007ffae09e0000 - 0x00007ffae0a8d000 	C:\WINDOWS\System32\SHCORE.dll
0x00007ffadec60000 - 0x00007ffadecb5000 	C:\WINDOWS\System32\shlwapi.dll
0x00007ffade120000 - 0x00007ffade13f000 	C:\WINDOWS\SYSTEM32\profapi.dll
0x00007ffad1110000 - 0x00007ffad112a000 	D:\android-studio\jre\bin\net.dll
0x00007ffad6880000 - 0x00007ffad698c000 	C:\WINDOWS\SYSTEM32\WINHTTP.dll
0x00007ffadd8c0000 - 0x00007ffadd92a000 	C:\WINDOWS\system32\mswsock.dll
0x00007ffaca280000 - 0x00007ffaca294000 	D:\android-studio\jre\bin\nio.dll

dbghelp: loaded successfully - version: 4.0.5 - missing functions: none
symbol engine: initialized successfully - sym options: 0x614 - pdb path: .;D:\android-studio\jre\bin;C:\WINDOWS\SYSTEM32;C:\WINDOWS\WinSxS\amd64_microsoft.windows.common-controls_6595b64144ccf1df_6.0.19041.1110_none_60b5254171f9507e;D:\android-studio\jre\bin\server

VM Arguments:
java_command: org.jetbrains.kotlin.cli.jvm.K2JVMCompiler @D:\David4\RVRepeat\app\build\20220205_9675005157320992194.compiler.options
java_class_path (initial): C:\Users\David\.gradle\caches\modules-2\files-2.1\org.jetbrains.kotlin\kotlin-compiler-embeddable\1.6.0\aa8da3bedc53c89219b84a0b40c7419431a13e76\kotlin-compiler-embeddable-1.6.0.jar;C:\Users\David\.gradle\caches\modules-2\files-2.1\org.jetbrains.kotlin\kotlin-reflect\1.6.0\a215a7f914d5916dc5fd2d45cea16524e0220203\kotlin-reflect-1.6.0.jar;C:\Users\David\.gradle\caches\modules-2\files-2.1\org.jetbrains.kotlin\kotlin-stdlib\1.6.0\a40b8b22529b733892edf4b73468ce598bb17f04\kotlin-stdlib-1.6.0.jar;C:\Users\David\.gradle\caches\modules-2\files-2.1\org.jetbrains.kotlin\kotlin-script-runtime\1.6.0\55f72526ddcff6fc77d72cdf949c7e3d9bd95620\kotlin-script-runtime-1.6.0.jar;C:\Users\David\.gradle\caches\modules-2\files-2.1\org.jetbrains.kotlin\kotlin-daemon-embeddable\1.6.0\d6242b37f4ce6b637d10847c7558446272ec8432\kotlin-daemon-embeddable-1.6.0.jar;C:\Users\David\.gradle\caches\modules-2\files-2.1\org.jetbrains.intellij.deps\trove4j\1.0.20181211\216c2e14b070f334479d800987affe4054cd563f\trove4j-1.0.20181211.jar;C:\Users\David\.gradle\caches\modules-2\files-2.1\net.java.dev.jna\jna\5.6.0\330f2244e9030119ab3030fc3fededc86713d9cc\jna-5.6.0.jar;C:\Users\David\.gradle\caches\modules-2\files-2.1\org.jetbrains\annotations\13.0\919f0dfe192fb4e063e7dacadee7f8bb9a2672a9\annotations-13.0.jar;C:\Users\David\.gradle\caches\modules-2\files-2.1\org.jetbrains.kotlin\kotlin-stdlib-common\1.6.0\7857e365f925cfa060f941c1357cda1f8790502c\kotlin-stdlib-common-1.6.0.jar
Launcher Type: SUN_STANDARD

[Global flags]
     intx CICompilerCount                          = 4                                         {product} {ergonomic}
     uint ConcGCThreads                            = 2                                         {product} {ergonomic}
     uint G1ConcRefinementThreads                  = 8                                         {product} {ergonomic}
   size_t G1HeapRegionSize                         = 1048576                                   {product} {ergonomic}
    uintx GCDrainStackTargetSize                   = 64                                        {product} {ergonomic}
   size_t InitialHeapSize                          = 117440512                                 {product} {ergonomic}
   size_t MarkStackSize                            = 4194304                                   {product} {ergonomic}
   size_t MaxHeapSize                              = 1862270976                                {product} {ergonomic}
   size_t MaxNewSize                               = 1116733440                                {product} {ergonomic}
   size_t MinHeapDeltaBytes                        = 1048576                                   {product} {ergonomic}
    uintx NonNMethodCodeHeapSize                   = 5836300                                {pd product} {ergonomic}
    uintx NonProfiledCodeHeapSize                  = 122910970                              {pd product} {ergonomic}
    uintx ProfiledCodeHeapSize                     = 122910970                              {pd product} {ergonomic}
    uintx ReservedCodeCacheSize                    = 251658240                              {pd product} {ergonomic}
     bool SegmentedCodeCache                       = true                                      {product} {ergonomic}
     bool UseCompressedClassPointers               = true                                 {lp64_product} {ergonomic}
     bool UseCompressedOops                        = true                                 {lp64_product} {ergonomic}
     bool UseG1GC                                  = true                                      {product} {ergonomic}
     bool UseLargePagesIndividualAllocation        = false                                  {pd product} {ergonomic}

Logging:
Log output configuration:
 #0: stdout all=warning uptime,level,tags
 #1: stderr all=off uptime,level,tags

Environment Variables:
PATH=C:\WINDOWS\system32;C:\WINDOWS;C:\WINDOWS\System32\Wbem;C:\WINDOWS\System32\WindowsPowerShell\v1.0\;C:\WINDOWS\System32\OpenSSH\;C:\Program Files\Git\cmd;C:\Users\David\AppData\Local\Microsoft\WindowsApps;
USERNAME=David
OS=Windows_NT
PROCESSOR_IDENTIFIER=AMD64 Family 23 Model 24 Stepping 1, AuthenticAMD



---------------  S Y S T E M  ---------------

OS: Windows 10 , 64 bit Build 19041 (10.0.19041.1466)
OS uptime: 1 days 20:43 hours

CPU:total 8 (initial active 8) (8 cores per cpu, 2 threads per core) family 23 model 24 stepping 1 microcode 0x0, cmov, cx8, fxsr, mmx, sse, sse2, sse3, ssse3, sse4.1, sse4.2, popcnt, avx, avx2, aes, clmul, mmxext, 3dnowpref, lzcnt, sse4a, ht, tsc, tscinvbit, tscinv, bmi1, bmi2, adx, sha, fma

Memory: 4k page, system-wide physical 7103M (315M free)
TotalPageFile size 10506M (AvailPageFile size 13M)
current process WorkingSet (physical memory assigned to process): 258M, peak: 258M
current process commit charge ("private bytes"): 321M, peak: 321M

vm_info: OpenJDK 64-Bit Server VM (11.0.12+7-b1504.28-7817840) for windows-amd64 JRE (11.0.12+7-b1504.28-7817840), built on Oct 13 2021 22:12:33 by "builder" with MS VC++ 14.0 (VS2015)

END.
